-------------------------------------------------------------------------------
Test set: TestSuite
-------------------------------------------------------------------------------
Tests run: 2, Failures: 1, Errors: 0, Skipped: 0, Time elapsed: 17.08 s <<< FAILURE! - in TestSuite
assertTitle(com.qa.scripts.BaseClass)  Time elapsed: 0.674 s  <<< FAILURE!
java.lang.AssertionError: expected [GoogleTest] but found [Google]
	at com.qa.scripts.BaseClass.assertTitle(BaseClass.java:28)

