<?xml version="1.0" encoding="UTF-8"?>
<testng-results skipped="0" failed="0" ignored="0" total="2" passed="2">
  <reporter-output>
  </reporter-output>
  <suite name="Default suite" duration-ms="10242" started-at="2018-08-15T12:56:39Z" finished-at="2018-08-15T12:56:49Z">
    <groups>
    </groups>
    <test name="Default test" duration-ms="10242" started-at="2018-08-15T12:56:39Z" finished-at="2018-08-15T12:56:49Z">
      <class name="com.qa.scripts.BaseClass">
        <test-method status="PASS" signature="runBrowser()[pri:1, instance:com.qa.scripts.BaseClass@1059cbc]" name="runBrowser" duration-ms="9549" started-at="2018-08-15T12:56:39Z" finished-at="2018-08-15T12:56:48Z">
          <reporter-output>
          </reporter-output>
        </test-method> <!-- runBrowser -->
        <test-method status="PASS" signature="assertTitle()[pri:2, instance:com.qa.scripts.BaseClass@1059cbc]" name="assertTitle" duration-ms="654" started-at="2018-08-15T12:56:48Z" finished-at="2018-08-15T12:56:49Z">
          <reporter-output>
          </reporter-output>
        </test-method> <!-- assertTitle -->
      </class> <!-- com.qa.scripts.BaseClass -->
    </test> <!-- Default test -->
  </suite> <!-- Default suite -->
</testng-results>
